2023-10-19 14:09:00 Loading main app package /opt/Obsidian/resources/obsidian.asar
2023-10-19 14:09:01 Checking for update using Github
2023-10-19 14:09:01 Success.
2023-10-19 14:09:01 Latest version is 1.4.16
2023-10-19 14:09:01 App is up to date.
2023-10-19 15:09:01 Checking for update using Github
2023-10-19 15:09:01 Success.
2023-10-19 15:09:01 Latest version is 1.4.16
2023-10-19 15:09:01 App is up to date.
2023-10-19 16:09:01 Checking for update using Github
2023-10-19 16:09:01 Success.
2023-10-19 16:09:01 Latest version is 1.4.16
2023-10-19 16:09:01 App is up to date.
2023-10-20 13:13:17 Checking for update using Github
2023-10-20 13:13:17 Success.
2023-10-20 13:13:17 Latest version is 1.4.16
2023-10-20 13:13:17 App is up to date.
2023-10-20 14:13:17 Checking for update using Github
2023-10-20 14:13:17 Success.
2023-10-20 14:13:17 Latest version is 1.4.16
2023-10-20 14:13:17 App is up to date.
2023-10-20 15:13:17 Checking for update using Github
2023-10-20 15:13:18 Success.
2023-10-20 15:13:18 Latest version is 1.4.16
2023-10-20 15:13:18 App is up to date.
2023-10-21 03:55:53 Checking for update using Github
2023-10-21 03:55:53 Success.
2023-10-21 03:55:53 Latest version is 1.4.16
2023-10-21 03:55:53 App is up to date.
2023-10-21 04:55:53 Checking for update using Github
2023-10-21 04:55:53 Success.
2023-10-21 04:55:53 Latest version is 1.4.16
2023-10-21 04:55:53 App is up to date.
2023-10-22 08:51:11 Checking for update using Github
2023-10-22 08:51:11 Success.
2023-10-22 08:51:11 Latest version is 1.4.16
2023-10-22 08:51:11 App is up to date.
2023-10-22 09:51:11 Checking for update using Github
2023-10-22 09:51:11 Success.
2023-10-22 09:51:11 Latest version is 1.4.16
2023-10-22 09:51:11 App is up to date.
2023-10-22 10:51:11 Checking for update using Github
2023-10-22 10:51:11 Success.
2023-10-22 10:51:11 Latest version is 1.4.16
2023-10-22 10:51:11 App is up to date.
2023-10-22 11:51:11 Checking for update using Github
2023-10-22 11:51:11 Success.
2023-10-22 11:51:11 Latest version is 1.4.16
2023-10-22 11:51:11 App is up to date.
2023-10-22 12:51:11 Checking for update using Github
2023-10-22 12:51:11 Success.
2023-10-22 12:51:11 Latest version is 1.4.16
2023-10-22 12:51:11 App is up to date.
2023-10-22 13:51:11 Checking for update using Github
2023-10-22 13:51:11 Success.
2023-10-22 13:51:11 Latest version is 1.4.16
2023-10-22 13:51:11 App is up to date.
2023-10-22 14:51:11 Checking for update using Github
2023-10-22 14:51:11 Success.
2023-10-22 14:51:11 Latest version is 1.4.16
2023-10-22 14:51:11 App is up to date.
2023-10-23 13:01:24 Checking for update using Github
2023-10-23 13:01:25 Success.
2023-10-23 13:01:25 Latest version is 1.4.16
2023-10-23 13:01:25 App is up to date.
2023-10-23 14:01:25 Checking for update using Github
2023-10-23 14:01:25 Success.
2023-10-23 14:01:25 Latest version is 1.4.16
2023-10-23 14:01:25 App is up to date.
2023-10-23 15:01:25 Checking for update using Github
2023-10-23 15:01:25 Success.
2023-10-23 15:01:25 Latest version is 1.4.16
2023-10-23 15:01:25 App is up to date.
2023-10-24 13:02:48 Checking for update using Github
2023-10-24 13:02:48 Success.
2023-10-24 13:02:48 Latest version is 1.4.16
2023-10-24 13:02:48 App is up to date.
2023-10-24 14:02:48 Checking for update using Github
2023-10-24 14:02:48 Success.
2023-10-24 14:02:48 Latest version is 1.4.16
2023-10-24 14:02:48 App is up to date.
2023-10-24 15:02:48 Checking for update using Github
2023-10-24 15:02:48 Success.
2023-10-24 15:02:48 Latest version is 1.4.16
2023-10-24 15:02:48 App is up to date.
2023-10-24 16:02:48 Checking for update using Github
2023-10-24 16:02:48 Success.
2023-10-24 16:02:48 Latest version is 1.4.16
2023-10-24 16:02:48 App is up to date.
2023-10-25 13:13:53 Checking for update using Github
2023-10-25 13:13:53 Success.
2023-10-25 13:13:53 Latest version is 1.4.16
2023-10-25 13:13:53 App is up to date.
2023-10-25 14:13:53 Checking for update using Github
2023-10-25 14:13:53 Success.
2023-10-25 14:13:53 Latest version is 1.4.16
2023-10-25 14:13:53 App is up to date.
2023-10-25 15:13:53 Checking for update using Github
2023-10-25 15:13:53 Success.
2023-10-25 15:13:53 Latest version is 1.4.16
2023-10-25 15:13:53 App is up to date.
2023-10-26 13:35:37 Checking for update using Github
2023-10-26 13:35:37 Success.
2023-10-26 13:35:37 Latest version is 1.4.16
2023-10-26 13:35:37 App is up to date.
2023-10-26 14:35:37 Checking for update using Github
2023-10-26 14:35:37 Success.
2023-10-26 14:35:37 Latest version is 1.4.16
2023-10-26 14:35:37 App is up to date.
2023-10-27 14:40:05 Checking for update using Github
2023-10-27 14:40:05 Success.
2023-10-27 14:40:05 Latest version is 1.4.16
2023-10-27 14:40:05 App is up to date.
2023-10-27 15:40:05 Checking for update using Github
2023-10-27 15:40:05 Success.
2023-10-27 15:40:05 Latest version is 1.4.16
2023-10-27 15:40:05 App is up to date.
2023-10-28 03:52:45 Checking for update using Github
2023-10-28 03:52:45 Success.
2023-10-28 03:52:45 Latest version is 1.4.16
2023-10-28 03:52:45 App is up to date.
2023-10-28 04:52:45 Checking for update using Github
2023-10-28 04:52:45 Success.
2023-10-28 04:52:45 Latest version is 1.4.16
2023-10-28 04:52:45 App is up to date.
2023-10-28 05:52:45 Checking for update using Github
2023-10-28 05:52:46 Success.
2023-10-28 05:52:46 Latest version is 1.4.16
2023-10-28 05:52:46 App is up to date.
2023-10-28 06:52:45 Checking for update using Github
2023-10-28 06:52:46 Success.
2023-10-28 06:52:46 Latest version is 1.4.16
2023-10-28 06:52:46 App is up to date.
2023-10-28 07:52:46 Checking for update using Github
2023-10-28 07:52:46 Success.
2023-10-28 07:52:46 Latest version is 1.4.16
2023-10-28 07:52:46 App is up to date.
2023-10-28 08:52:46 Checking for update using Github
2023-10-28 08:52:46 Failed to check for update using Github (net::ERR_NAME_NOT_RESOLVED)
2023-10-28 08:52:46 Checking for update using obsidian.md
2023-10-28 08:52:46 Failed to check for update using obsidian.md (net::ERR_NAME_NOT_RESOLVED)
2023-10-28 09:52:46 Checking for update using Github
2023-10-28 09:52:46 Success.
2023-10-28 09:52:46 Latest version is 1.4.16
2023-10-28 09:52:46 App is up to date.
2023-10-28 10:52:46 Checking for update using Github
2023-10-28 10:52:46 Success.
2023-10-28 10:52:46 Latest version is 1.4.16
2023-10-28 10:52:46 App is up to date.
2023-10-28 11:52:46 Checking for update using Github
2023-10-28 11:52:46 Success.
2023-10-28 11:52:46 Latest version is 1.4.16
2023-10-28 11:52:46 App is up to date.
2023-10-28 12:52:46 Checking for update using Github
2023-10-28 12:52:46 Success.
2023-10-28 12:52:46 Latest version is 1.4.16
2023-10-28 12:52:46 App is up to date.
2023-10-28 13:52:46 Checking for update using Github
2023-10-28 13:52:46 Success.
2023-10-28 13:52:46 Latest version is 1.4.16
2023-10-28 13:52:46 App is up to date.
2023-10-28 14:52:46 Checking for update using Github
2023-10-28 14:52:46 Success.
2023-10-28 14:52:46 Latest version is 1.4.16
2023-10-28 14:52:46 App is up to date.
2023-10-28 15:52:46 Checking for update using Github
2023-10-28 15:52:46 Success.
2023-10-28 15:52:46 Latest version is 1.4.16
2023-10-28 15:52:46 App is up to date.
2023-10-29 03:56:47 Checking for update using Github
2023-10-29 03:56:47 Success.
2023-10-29 03:56:47 Latest version is 1.4.16
2023-10-29 03:56:47 App is up to date.
2023-10-29 04:56:47 Checking for update using Github
2023-10-29 04:56:47 Success.
2023-10-29 04:56:47 Latest version is 1.4.16
2023-10-29 04:56:47 App is up to date.
2023-10-29 05:56:47 Checking for update using Github
2023-10-29 05:56:47 Success.
2023-10-29 05:56:47 Latest version is 1.4.16
2023-10-29 05:56:47 App is up to date.
2023-10-29 06:56:47 Checking for update using Github
2023-10-29 06:56:47 Success.
2023-10-29 06:56:47 Latest version is 1.4.16
2023-10-29 06:56:47 App is up to date.
2023-10-29 07:56:47 Checking for update using Github
2023-10-29 07:56:47 Success.
2023-10-29 07:56:47 Latest version is 1.4.16
2023-10-29 07:56:47 App is up to date.
2023-10-29 08:56:47 Checking for update using Github
2023-10-29 08:56:47 Success.
2023-10-29 08:56:47 Latest version is 1.4.16
2023-10-29 08:56:47 App is up to date.
2023-10-29 09:56:47 Checking for update using Github
2023-10-29 09:56:47 Success.
2023-10-29 09:56:47 Latest version is 1.4.16
2023-10-29 09:56:47 App is up to date.
2023-10-29 10:56:47 Checking for update using Github
2023-10-29 10:56:47 Success.
2023-10-29 10:56:47 Latest version is 1.4.16
2023-10-29 10:56:47 App is up to date.
2023-10-29 11:56:47 Checking for update using Github
2023-10-29 11:56:47 Success.
2023-10-29 11:56:47 Latest version is 1.4.16
2023-10-29 11:56:47 App is up to date.
2023-10-29 12:56:47 Checking for update using Github
2023-10-29 12:56:47 Success.
2023-10-29 12:56:47 Latest version is 1.4.16
2023-10-29 12:56:47 App is up to date.
2023-10-29 13:56:47 Checking for update using Github
2023-10-29 13:56:47 Success.
2023-10-29 13:56:47 Latest version is 1.4.16
2023-10-29 13:56:47 App is up to date.
2023-10-29 14:56:47 Checking for update using Github
2023-10-29 14:56:47 Success.
2023-10-29 14:56:47 Latest version is 1.4.16
2023-10-29 14:56:47 App is up to date.
2023-10-30 13:26:39 Checking for update using Github
2023-10-30 13:26:39 Success.
2023-10-30 13:26:39 Latest version is 1.4.16
2023-10-30 13:26:39 App is up to date.
2023-10-30 14:26:39 Checking for update using Github
2023-10-30 14:26:39 Success.
2023-10-30 14:26:39 Latest version is 1.4.16
2023-10-30 14:26:39 App is up to date.
2023-10-30 15:26:39 Checking for update using Github
2023-10-30 15:26:40 Success.
2023-10-30 15:26:40 Latest version is 1.4.16
2023-10-30 15:26:40 App is up to date.
2023-10-31 13:33:55 Checking for update using Github
2023-10-31 13:33:55 Success.
2023-10-31 13:33:55 Latest version is 1.4.16
2023-10-31 13:33:55 App is up to date.
2023-10-31 14:33:55 Checking for update using Github
2023-10-31 14:33:55 Success.
2023-10-31 14:33:55 Latest version is 1.4.16
2023-10-31 14:33:55 App is up to date.
2023-10-31 15:33:55 Checking for update using Github
2023-10-31 15:33:55 Success.
2023-10-31 15:33:55 Latest version is 1.4.16
2023-10-31 15:33:55 App is up to date.
2023-11-01 12:53:27 Checking for update using Github
2023-11-01 12:53:27 Success.
2023-11-01 12:53:27 Latest version is 1.4.16
2023-11-01 12:53:27 App is up to date.
2023-11-01 13:53:27 Checking for update using Github
2023-11-01 13:53:27 Success.
2023-11-01 13:53:27 Latest version is 1.4.16
2023-11-01 13:53:27 App is up to date.
2023-11-01 14:53:27 Checking for update using Github
2023-11-01 14:53:27 Success.
2023-11-01 14:53:27 Latest version is 1.4.16
2023-11-01 14:53:27 App is up to date.
2023-11-02 12:23:22 Checking for update using Github
2023-11-02 12:23:22 Success.
2023-11-02 12:23:22 Latest version is 1.4.16
2023-11-02 12:23:22 App is up to date.
2023-11-02 13:23:23 Checking for update using Github
2023-11-02 13:23:23 Success.
2023-11-02 13:23:23 Latest version is 1.4.16
2023-11-02 13:23:23 App is up to date.
2023-11-02 14:23:23 Checking for update using Github
2023-11-02 14:23:24 Success.
2023-11-02 14:23:24 Latest version is 1.4.16
2023-11-02 14:23:24 App is up to date.
2023-11-02 15:23:23 Checking for update using Github
2023-11-02 15:23:24 Success.
2023-11-02 15:23:24 Latest version is 1.4.16
2023-11-02 15:23:24 App is up to date.
2023-11-03 12:26:57 Checking for update using Github
2023-11-03 12:26:57 Success.
2023-11-03 12:26:57 Latest version is 1.4.16
2023-11-03 12:26:57 App is up to date.
2023-11-03 13:26:57 Checking for update using Github
2023-11-03 13:26:57 Success.
2023-11-03 13:26:57 Latest version is 1.4.16
2023-11-03 13:26:57 App is up to date.
2023-11-03 14:26:57 Checking for update using Github
2023-11-03 14:26:57 Success.
2023-11-03 14:26:57 Latest version is 1.4.16
2023-11-03 14:26:57 App is up to date.
2023-11-03 15:26:57 Checking for update using Github
2023-11-03 15:26:57 Success.
2023-11-03 15:26:57 Latest version is 1.4.16
2023-11-03 15:26:57 App is up to date.
2023-11-04 03:48:08 Checking for update using Github
2023-11-04 03:48:08 Success.
2023-11-04 03:48:08 Latest version is 1.4.16
2023-11-04 03:48:08 App is up to date.
2023-11-04 04:48:08 Checking for update using Github
2023-11-04 04:48:08 Success.
2023-11-04 04:48:08 Latest version is 1.4.16
2023-11-04 04:48:08 App is up to date.
2023-11-04 05:48:08 Checking for update using Github
2023-11-04 05:48:09 Success.
2023-11-04 05:48:09 Latest version is 1.4.16
2023-11-04 05:48:09 App is up to date.
2023-11-04 06:48:08 Checking for update using Github
2023-11-04 06:48:09 Success.
2023-11-04 06:48:09 Latest version is 1.4.16
2023-11-04 06:48:09 App is up to date.
2023-11-04 07:48:09 Checking for update using Github
2023-11-04 07:48:09 Success.
2023-11-04 07:48:09 Latest version is 1.4.16
2023-11-04 07:48:09 App is up to date.
2023-11-04 08:48:09 Checking for update using Github
2023-11-04 08:48:09 Success.
2023-11-04 08:48:09 Latest version is 1.4.16
2023-11-04 08:48:09 App is up to date.
2023-11-04 09:48:09 Checking for update using Github
2023-11-04 09:48:09 Success.
2023-11-04 09:48:09 Latest version is 1.4.16
2023-11-04 09:48:09 App is up to date.
2023-11-04 10:48:09 Checking for update using Github
2023-11-04 10:48:09 Success.
2023-11-04 10:48:09 Latest version is 1.4.16
2023-11-04 10:48:09 App is up to date.
2023-11-04 11:48:09 Checking for update using Github
2023-11-04 11:48:09 Success.
2023-11-04 11:48:09 Latest version is 1.4.16
2023-11-04 11:48:09 App is up to date.
2023-11-04 12:48:09 Checking for update using Github
2023-11-04 12:48:09 Success.
2023-11-04 12:48:09 Latest version is 1.4.16
2023-11-04 12:48:09 App is up to date.
2023-11-04 13:48:09 Checking for update using Github
2023-11-04 13:48:09 Success.
2023-11-04 13:48:09 Latest version is 1.4.16
2023-11-04 13:48:09 App is up to date.
2023-11-04 14:48:09 Checking for update using Github
2023-11-04 14:48:16 Success.
2023-11-04 14:48:16 Latest version is 1.4.16
2023-11-04 14:48:16 App is up to date.
2023-11-04 15:48:09 Checking for update using Github
2023-11-04 15:48:09 Success.
2023-11-04 15:48:09 Latest version is 1.4.16
2023-11-04 15:48:09 App is up to date.
2023-11-04 16:48:09 Checking for update using Github
2023-11-04 16:48:09 Success.
2023-11-04 16:48:09 Latest version is 1.4.16
2023-11-04 16:48:09 App is up to date.
2023-11-05 05:10:32 Checking for update using Github
2023-11-05 05:10:33 Success.
2023-11-05 05:10:33 Latest version is 1.4.16
2023-11-05 05:10:33 App is up to date.
2023-11-05 06:10:33 Checking for update using Github
2023-11-05 06:10:33 Success.
2023-11-05 06:10:33 Latest version is 1.4.16
2023-11-05 06:10:33 App is up to date.
2023-11-05 07:10:33 Checking for update using Github
2023-11-05 07:10:33 Success.
2023-11-05 07:10:33 Latest version is 1.4.16
2023-11-05 07:10:33 App is up to date.
2023-11-05 08:10:33 Checking for update using Github
2023-11-05 08:10:33 Success.
2023-11-05 08:10:33 Latest version is 1.4.16
2023-11-05 08:10:33 App is up to date.
2023-11-05 09:10:33 Checking for update using Github
2023-11-05 09:10:33 Success.
2023-11-05 09:10:33 Latest version is 1.4.16
2023-11-05 09:10:33 App is up to date.
2023-11-05 10:10:33 Checking for update using Github
2023-11-05 10:10:33 Success.
2023-11-05 10:10:33 Latest version is 1.4.16
2023-11-05 10:10:33 App is up to date.
2023-11-05 11:10:33 Checking for update using Github
2023-11-05 11:10:34 Success.
2023-11-05 11:10:34 Latest version is 1.4.16
2023-11-05 11:10:34 App is up to date.
2023-11-05 12:10:33 Checking for update using Github
2023-11-05 12:10:34 Success.
2023-11-05 12:10:34 Latest version is 1.4.16
2023-11-05 12:10:34 App is up to date.
2023-11-05 13:10:33 Checking for update using Github
2023-11-05 13:10:34 Success.
2023-11-05 13:10:34 Latest version is 1.4.16
2023-11-05 13:10:34 App is up to date.
2023-12-23 05:52:56 Loading main app package /opt/Obsidian/resources/obsidian.asar
2023-12-23 05:52:56 Checking for update using Github
2023-12-23 05:52:56 Success.
2023-12-23 05:52:56 Latest version is 1.4.16
2023-12-23 05:52:56 App is up to date.
2023-12-23 06:52:56 Checking for update using Github
2023-12-23 06:52:56 Success.
2023-12-23 06:52:56 Latest version is 1.4.16
2023-12-23 06:52:56 App is up to date.
2023-12-23 07:52:56 Checking for update using Github
2023-12-23 07:52:56 Success.
2023-12-23 07:52:56 Latest version is 1.4.16
2023-12-23 07:52:56 App is up to date.
2023-12-23 08:52:56 Checking for update using Github
2023-12-23 08:52:56 Success.
2023-12-23 08:52:56 Latest version is 1.4.16
2023-12-23 08:52:56 App is up to date.
2023-12-23 09:52:56 Checking for update using Github
2023-12-23 09:52:56 Success.
2023-12-23 09:52:56 Latest version is 1.4.16
2023-12-23 09:52:56 App is up to date.
2023-12-23 10:52:56 Checking for update using Github
2023-12-23 10:52:57 Success.
2023-12-23 10:52:57 Latest version is 1.4.16
2023-12-23 10:52:57 App is up to date.
2023-12-23 11:52:56 Checking for update using Github
2023-12-23 11:52:57 Success.
2023-12-23 11:52:57 Latest version is 1.4.16
2023-12-23 11:52:57 App is up to date.
2023-12-23 12:52:57 Checking for update using Github
2023-12-23 12:52:57 Success.
2023-12-23 12:52:57 Latest version is 1.4.16
2023-12-23 12:52:57 App is up to date.
2023-12-23 13:52:57 Checking for update using Github
2023-12-23 13:52:57 Success.
2023-12-23 13:52:57 Latest version is 1.4.16
2023-12-23 13:52:57 App is up to date.
2023-12-23 14:52:57 Checking for update using Github
2023-12-23 14:52:57 Success.
2023-12-23 14:52:57 Latest version is 1.4.16
2023-12-23 14:52:57 App is up to date.
2023-12-23 15:52:57 Checking for update using Github
2023-12-23 15:52:57 Success.
2023-12-23 15:52:57 Latest version is 1.4.16
2023-12-23 15:52:57 App is up to date.
2023-12-23 16:52:57 Checking for update using Github
2023-12-23 16:52:57 Success.
2023-12-23 16:52:57 Latest version is 1.4.16
2023-12-23 16:52:57 App is up to date.
2023-12-24 03:58:38 Checking for update using Github
2023-12-24 03:58:38 Success.
2023-12-24 03:58:38 Latest version is 1.4.16
2023-12-24 03:58:38 App is up to date.
2023-12-24 04:58:38 Checking for update using Github
2023-12-24 04:58:39 Success.
2023-12-24 04:58:39 Latest version is 1.4.16
2023-12-24 04:58:39 App is up to date.
2023-12-24 05:58:38 Checking for update using Github
2023-12-24 05:58:39 Success.
2023-12-24 05:58:39 Latest version is 1.4.16
2023-12-24 05:58:39 App is up to date.
2023-12-24 06:58:38 Checking for update using Github
2023-12-24 06:58:39 Success.
2023-12-24 06:58:39 Latest version is 1.4.16
2023-12-24 06:58:39 App is up to date.
2023-12-24 07:58:39 Checking for update using Github
2023-12-24 07:58:39 Success.
2023-12-24 07:58:39 Latest version is 1.4.16
2023-12-24 07:58:39 App is up to date.
2023-12-24 08:58:39 Checking for update using Github
2023-12-24 08:58:39 Success.
2023-12-24 08:58:39 Latest version is 1.4.16
2023-12-24 08:58:39 App is up to date.
2023-12-24 09:58:39 Checking for update using Github
2023-12-24 09:58:39 Success.
2023-12-24 09:58:39 Latest version is 1.4.16
2023-12-24 09:58:39 App is up to date.
2023-12-24 10:58:39 Checking for update using Github
2023-12-24 10:58:39 Success.
2023-12-24 10:58:39 Latest version is 1.4.16
2023-12-24 10:58:39 App is up to date.
2023-12-24 11:58:39 Checking for update using Github
2023-12-24 11:58:39 Success.
2023-12-24 11:58:39 Latest version is 1.4.16
2023-12-24 11:58:39 App is up to date.
2023-12-24 12:58:39 Checking for update using Github
2023-12-24 12:58:39 Success.
2023-12-24 12:58:39 Latest version is 1.4.16
2023-12-24 12:58:39 App is up to date.
2023-12-24 13:58:39 Checking for update using Github
2023-12-24 13:58:40 Success.
2023-12-24 13:58:40 Latest version is 1.4.16
2023-12-24 13:58:40 App is up to date.
2023-12-24 14:58:39 Checking for update using Github
2023-12-24 14:58:39 Success.
2023-12-24 14:58:39 Latest version is 1.4.16
2023-12-24 14:58:39 App is up to date.
2023-12-24 15:58:39 Checking for update using Github
2023-12-24 15:58:39 Success.
2023-12-24 15:58:39 Latest version is 1.4.16
2023-12-24 15:58:39 App is up to date.
2023-12-25 15:30:17 Checking for update using Github
2023-12-25 15:30:18 Success.
2023-12-25 15:30:18 Latest version is 1.4.16
2023-12-25 15:30:18 App is up to date.
2023-12-26 15:14:28 Checking for update using Github
2023-12-26 15:14:29 Success.
2023-12-26 15:14:29 Latest version is 1.5.3
2023-12-26 15:14:29 Downloading update from https://github.com/obsidianmd/obsidian-releases/releases/download/v1.5.3/obsidian-1.5.3.asar.gz
2023-12-26 15:14:30 Verifying hash & signature. Size= 8515395
2023-12-26 15:14:30 Saving file
2023-12-26 15:14:31 Update complete.
2023-12-27 14:57:42 Checking for update using Github
2023-12-27 14:57:42 Success.
2023-12-27 14:57:42 Latest version is 1.5.3
2023-12-27 14:57:42 An update is already downloaded.
2023-12-27 15:57:42 Checking for update using Github
2023-12-27 15:57:42 Success.
2023-12-27 15:57:42 Latest version is 1.5.3
2023-12-27 15:57:42 An update is already downloaded.
2023-12-28 14:39:31 Checking for update using Github
2023-12-28 14:39:31 Success.
2023-12-28 14:39:31 Latest version is 1.5.3
2023-12-28 14:39:31 An update is already downloaded.
2023-12-28 15:39:31 Checking for update using Github
2023-12-28 15:39:31 Success.
2023-12-28 15:39:31 Latest version is 1.5.3
2023-12-28 15:39:31 An update is already downloaded.
2023-12-29 14:36:26 Checking for update using Github
2023-12-29 14:36:27 Success.
2023-12-29 14:36:27 Latest version is 1.5.3
2023-12-29 14:36:27 An update is already downloaded.
2023-12-30 15:33:52 Checking for update using Github
2023-12-30 15:33:52 Success.
2023-12-30 15:33:52 Latest version is 1.5.3
2023-12-30 15:33:52 An update is already downloaded.
2023-12-31 04:26:31 Checking for update using Github
2023-12-31 04:26:31 Success.
2023-12-31 04:26:31 Latest version is 1.5.3
2023-12-31 04:26:31 An update is already downloaded.
2023-12-31 05:26:31 Checking for update using Github
2023-12-31 05:26:32 Success.
2023-12-31 05:26:32 Latest version is 1.5.3
2023-12-31 05:26:32 An update is already downloaded.
2023-12-31 06:26:31 Checking for update using Github
2023-12-31 06:26:32 Success.
2023-12-31 06:26:32 Latest version is 1.5.3
2023-12-31 06:26:32 An update is already downloaded.
2023-12-31 07:26:32 Checking for update using Github
2023-12-31 07:26:32 Success.
2023-12-31 07:26:32 Latest version is 1.5.3
2023-12-31 07:26:32 An update is already downloaded.
2023-12-31 08:26:32 Checking for update using Github
2023-12-31 08:26:32 Success.
2023-12-31 08:26:32 Latest version is 1.5.3
2023-12-31 08:26:32 An update is already downloaded.
2023-12-31 09:26:32 Checking for update using Github
2023-12-31 09:26:32 Success.
2023-12-31 09:26:32 Latest version is 1.5.3
2023-12-31 09:26:32 An update is already downloaded.
2023-12-31 10:26:32 Checking for update using Github
2023-12-31 10:26:32 Success.
2023-12-31 10:26:32 Latest version is 1.5.3
2023-12-31 10:26:32 An update is already downloaded.
2023-12-31 11:26:32 Checking for update using Github
2023-12-31 11:26:32 Success.
2023-12-31 11:26:32 Latest version is 1.5.3
2023-12-31 11:26:32 An update is already downloaded.
2023-12-31 12:26:32 Checking for update using Github
2023-12-31 12:26:32 Success.
2023-12-31 12:26:32 Latest version is 1.5.3
2023-12-31 12:26:32 An update is already downloaded.
2024-01-01 03:55:09 Checking for update using Github
2024-01-01 03:55:10 Success.
2024-01-01 03:55:10 Latest version is 1.5.3
2024-01-01 03:55:10 An update is already downloaded.
2024-01-01 04:55:10 Checking for update using Github
2024-01-01 04:55:10 Success.
2024-01-01 04:55:10 Latest version is 1.5.3
2024-01-01 04:55:10 An update is already downloaded.
2024-01-01 05:55:10 Checking for update using Github
2024-01-01 05:55:10 Success.
2024-01-01 05:55:10 Latest version is 1.5.3
2024-01-01 05:55:10 An update is already downloaded.
2024-01-01 06:55:10 Checking for update using Github
2024-01-01 06:55:10 Success.
2024-01-01 06:55:10 Latest version is 1.5.3
2024-01-01 06:55:10 An update is already downloaded.
2024-01-01 07:55:10 Checking for update using Github
2024-01-01 07:55:10 Success.
2024-01-01 07:55:10 Latest version is 1.5.3
2024-01-01 07:55:10 An update is already downloaded.
2024-01-01 08:55:10 Checking for update using Github
2024-01-01 08:55:10 Success.
2024-01-01 08:55:10 Latest version is 1.5.3
2024-01-01 08:55:10 An update is already downloaded.
2024-01-01 09:55:10 Checking for update using Github
2024-01-01 09:55:10 Success.
2024-01-01 09:55:10 Latest version is 1.5.3
2024-01-01 09:55:10 An update is already downloaded.
2024-01-01 10:55:10 Checking for update using Github
2024-01-01 10:55:10 Success.
2024-01-01 10:55:10 Latest version is 1.5.3
2024-01-01 10:55:10 An update is already downloaded.
2024-01-01 11:55:10 Checking for update using Github
2024-01-01 11:55:10 Success.
2024-01-01 11:55:10 Latest version is 1.5.3
2024-01-01 11:55:10 An update is already downloaded.
2024-01-01 12:55:10 Checking for update using Github
2024-01-01 12:55:10 Success.
2024-01-01 12:55:10 Latest version is 1.5.3
2024-01-01 12:55:10 An update is already downloaded.
2024-01-01 13:55:10 Checking for update using Github
2024-01-01 13:55:10 Success.
2024-01-01 13:55:10 Latest version is 1.5.3
2024-01-01 13:55:10 An update is already downloaded.
2024-01-01 14:55:10 Checking for update using Github
2024-01-01 14:55:10 Success.
2024-01-01 14:55:10 Latest version is 1.5.3
2024-01-01 14:55:10 An update is already downloaded.
2024-01-01 15:55:10 Checking for update using Github
2024-01-01 15:55:10 Success.
2024-01-01 15:55:10 Latest version is 1.5.3
2024-01-01 15:55:10 An update is already downloaded.
2024-01-01 16:55:10 Checking for update using Github
2024-01-01 16:55:11 Success.
2024-01-01 16:55:11 Latest version is 1.5.3
2024-01-01 16:55:11 An update is already downloaded.
2024-01-01 17:55:11 Checking for update using Github
2024-01-01 17:55:11 Success.
2024-01-01 17:55:11 Latest version is 1.5.3
2024-01-01 17:55:11 An update is already downloaded.
2024-01-02 03:10:02 Checking for update using Github
2024-01-02 03:10:02 Success.
2024-01-02 03:10:02 Latest version is 1.5.3
2024-01-02 03:10:02 An update is already downloaded.
2024-01-02 04:10:02 Checking for update using Github
2024-01-02 04:10:02 Success.
2024-01-02 04:10:02 Latest version is 1.5.3
2024-01-02 04:10:02 An update is already downloaded.
2024-01-02 05:10:02 Checking for update using Github
2024-01-02 05:10:02 Success.
2024-01-02 05:10:02 Latest version is 1.5.3
2024-01-02 05:10:02 An update is already downloaded.
2024-01-02 06:10:02 Checking for update using Github
2024-01-02 06:10:02 Success.
2024-01-02 06:10:02 Latest version is 1.5.3
2024-01-02 06:10:02 An update is already downloaded.
2024-01-02 07:10:02 Checking for update using Github
2024-01-02 07:10:02 Success.
2024-01-02 07:10:02 Latest version is 1.5.3
2024-01-02 07:10:02 An update is already downloaded.
2024-01-02 08:10:02 Checking for update using Github
2024-01-02 08:10:02 Success.
2024-01-02 08:10:02 Latest version is 1.5.3
2024-01-02 08:10:02 An update is already downloaded.
2024-01-02 09:10:02 Checking for update using Github
2024-01-02 09:10:02 Success.
2024-01-02 09:10:02 Latest version is 1.5.3
2024-01-02 09:10:02 An update is already downloaded.
2024-01-02 10:10:02 Checking for update using Github
2024-01-02 10:10:03 Success.
2024-01-02 10:10:03 Latest version is 1.5.3
2024-01-02 10:10:03 An update is already downloaded.
2024-01-02 11:10:02 Checking for update using Github
2024-01-02 11:10:03 Success.
2024-01-02 11:10:03 Latest version is 1.5.3
2024-01-02 11:10:03 An update is already downloaded.
2024-01-02 12:10:03 Checking for update using Github
2024-01-02 12:10:03 Success.
2024-01-02 12:10:03 Latest version is 1.5.3
2024-01-02 12:10:03 An update is already downloaded.
2024-01-02 13:10:03 Checking for update using Github
2024-01-02 13:10:03 Success.
2024-01-02 13:10:03 Latest version is 1.5.3
2024-01-02 13:10:03 An update is already downloaded.
2024-01-02 14:10:03 Checking for update using Github
2024-01-02 14:10:03 Success.
2024-01-02 14:10:03 Latest version is 1.5.3
2024-01-02 14:10:03 An update is already downloaded.
2024-01-02 15:10:03 Checking for update using Github
2024-01-02 15:10:03 Success.
2024-01-02 15:10:03 Latest version is 1.5.3
2024-01-02 15:10:03 An update is already downloaded.
2024-01-02 16:10:03 Checking for update using Github
2024-01-02 16:10:03 Success.
2024-01-02 16:10:03 Latest version is 1.5.3
2024-01-02 16:10:03 An update is already downloaded.
2024-01-02 17:10:03 Checking for update using Github
2024-01-02 17:10:03 Success.
2024-01-02 17:10:03 Latest version is 1.5.3
2024-01-02 17:10:03 An update is already downloaded.
2024-01-03 14:19:08 Checking for update using Github
2024-01-03 14:19:08 Success.
2024-01-03 14:19:08 Latest version is 1.5.3
2024-01-03 14:19:08 An update is already downloaded.
2024-01-03 15:19:08 Checking for update using Github
2024-01-03 15:19:08 Success.
2024-01-03 15:19:08 Latest version is 1.5.3
2024-01-03 15:19:08 An update is already downloaded.
2024-01-03 16:19:08 Checking for update using Github
2024-01-03 16:19:09 Success.
2024-01-03 16:19:09 Latest version is 1.5.3
2024-01-03 16:19:09 An update is already downloaded.
2024-01-04 03:38:47 Checking for update using Github
2024-01-04 03:38:47 Success.
2024-01-04 03:38:47 Latest version is 1.5.3
2024-01-04 03:38:47 An update is already downloaded.
2024-01-04 04:38:47 Checking for update using Github
2024-01-04 04:38:47 Success.
2024-01-04 04:38:47 Latest version is 1.5.3
2024-01-04 04:38:47 An update is already downloaded.
2024-01-04 05:38:47 Checking for update using Github
2024-01-04 05:38:47 Success.
2024-01-04 05:38:47 Latest version is 1.5.3
2024-01-04 05:38:47 An update is already downloaded.
2024-01-04 06:38:47 Checking for update using Github
2024-01-04 06:38:47 Success.
2024-01-04 06:38:47 Latest version is 1.5.3
2024-01-04 06:38:47 An update is already downloaded.
2024-01-04 07:38:47 Checking for update using Github
2024-01-04 07:38:47 Success.
2024-01-04 07:38:47 Latest version is 1.5.3
2024-01-04 07:38:47 An update is already downloaded.
2024-01-04 08:38:47 Checking for update using Github
2024-01-04 08:38:47 Success.
2024-01-04 08:38:47 Latest version is 1.5.3
2024-01-04 08:38:47 An update is already downloaded.
2024-01-04 09:38:47 Checking for update using Github
2024-01-04 09:38:47 Success.
2024-01-04 09:38:47 Latest version is 1.5.3
2024-01-04 09:38:47 An update is already downloaded.
2024-01-04 10:38:47 Checking for update using Github
2024-01-04 10:38:47 Success.
2024-01-04 10:38:47 Latest version is 1.5.3
2024-01-04 10:38:47 An update is already downloaded.
2024-01-04 11:38:47 Checking for update using Github
2024-01-04 11:38:47 Success.
2024-01-04 11:38:47 Latest version is 1.5.3
2024-01-04 11:38:47 An update is already downloaded.
2024-01-04 12:38:47 Checking for update using Github
2024-01-04 12:38:48 Success.
2024-01-04 12:38:48 Latest version is 1.5.3
2024-01-04 12:38:48 An update is already downloaded.
2024-01-04 13:38:47 Checking for update using Github
2024-01-04 13:38:48 Success.
2024-01-04 13:38:48 Latest version is 1.5.3
2024-01-04 13:38:48 An update is already downloaded.
2024-01-04 14:38:48 Checking for update using Github
2024-01-04 14:38:48 Success.
2024-01-04 14:38:48 Latest version is 1.5.3
2024-01-04 14:38:48 An update is already downloaded.
2024-01-04 15:38:48 Checking for update using Github
2024-01-04 15:38:48 Success.
2024-01-04 15:38:48 Latest version is 1.5.3
2024-01-04 15:38:48 An update is already downloaded.
2024-01-05 04:38:31 Checking for update using Github
2024-01-05 04:38:31 Success.
2024-01-05 04:38:31 Latest version is 1.5.3
2024-01-05 04:38:31 An update is already downloaded.
2024-01-05 05:38:31 Checking for update using Github
2024-01-05 05:38:31 Success.
2024-01-05 05:38:31 Latest version is 1.5.3
2024-01-05 05:38:31 An update is already downloaded.
2024-01-05 06:38:31 Checking for update using Github
2024-01-05 06:38:31 Success.
2024-01-05 06:38:31 Latest version is 1.5.3
2024-01-05 06:38:31 An update is already downloaded.
2024-01-05 07:38:31 Checking for update using Github
2024-01-05 07:38:32 Success.
2024-01-05 07:38:32 Latest version is 1.5.3
2024-01-05 07:38:32 An update is already downloaded.
2024-01-05 08:38:31 Checking for update using Github
2024-01-05 08:38:32 Success.
2024-01-05 08:38:32 Latest version is 1.5.3
2024-01-05 08:38:32 An update is already downloaded.
2024-01-05 09:38:32 Checking for update using Github
2024-01-05 09:38:32 Success.
2024-01-05 09:38:32 Latest version is 1.5.3
2024-01-05 09:38:32 An update is already downloaded.
2024-01-05 10:38:32 Checking for update using Github
2024-01-05 10:38:32 Success.
2024-01-05 10:38:32 Latest version is 1.5.3
2024-01-05 10:38:32 An update is already downloaded.
2024-01-05 11:38:32 Checking for update using Github
2024-01-05 11:38:32 Success.
2024-01-05 11:38:32 Latest version is 1.5.3
2024-01-05 11:38:32 An update is already downloaded.
2024-01-05 12:38:32 Checking for update using Github
2024-01-05 12:38:32 Success.
2024-01-05 12:38:32 Latest version is 1.5.3
2024-01-05 12:38:32 An update is already downloaded.
2024-01-05 13:38:32 Checking for update using Github
2024-01-05 13:38:32 Success.
2024-01-05 13:38:32 Latest version is 1.5.3
2024-01-05 13:38:32 An update is already downloaded.
2024-01-05 14:38:32 Checking for update using Github
2024-01-05 14:38:32 Success.
2024-01-05 14:38:32 Latest version is 1.5.3
2024-01-05 14:38:32 An update is already downloaded.
2024-01-05 15:38:32 Checking for update using Github
2024-01-05 15:38:32 Success.
2024-01-05 15:38:32 Latest version is 1.5.3
2024-01-05 15:38:32 An update is already downloaded.
2024-01-06 15:00:48 Checking for update using Github
2024-01-06 15:00:49 Success.
2024-01-06 15:00:49 Latest version is 1.5.3
2024-01-06 15:00:49 An update is already downloaded.
2024-01-06 16:00:48 Checking for update using Github
2024-01-06 16:00:49 Success.
2024-01-06 16:00:49 Latest version is 1.5.3
2024-01-06 16:00:49 An update is already downloaded.
2024-01-07 04:19:41 Checking for update using Github
2024-01-07 04:19:41 Success.
2024-01-07 04:19:41 Latest version is 1.5.3
2024-01-07 04:19:41 An update is already downloaded.
2024-01-07 05:19:41 Checking for update using Github
2024-01-07 05:19:41 Success.
2024-01-07 05:19:41 Latest version is 1.5.3
2024-01-07 05:19:41 An update is already downloaded.
2024-01-07 06:19:41 Checking for update using Github
2024-01-07 06:19:41 Success.
2024-01-07 06:19:41 Latest version is 1.5.3
2024-01-07 06:19:41 An update is already downloaded.
2024-01-07 13:23:41 Checking for update using Github
2024-01-07 13:23:42 Success.
2024-01-07 13:23:42 Latest version is 1.5.3
2024-01-07 13:23:42 An update is already downloaded.
2024-01-07 14:23:41 Checking for update using Github
2024-01-07 14:23:42 Success.
2024-01-07 14:23:42 Latest version is 1.5.3
2024-01-07 14:23:42 An update is already downloaded.
2024-01-07 15:23:42 Checking for update using Github
2024-01-07 15:23:42 Success.
2024-01-07 15:23:42 Latest version is 1.5.3
2024-01-07 15:23:42 An update is already downloaded.
2024-01-08 04:27:00 Checking for update using Github
2024-01-08 04:27:00 Success.
2024-01-08 04:27:00 Latest version is 1.5.3
2024-01-08 04:27:00 An update is already downloaded.
2024-01-08 05:27:00 Checking for update using Github
2024-01-08 05:27:00 Success.
2024-01-08 05:27:00 Latest version is 1.5.3
2024-01-08 05:27:00 An update is already downloaded.
2024-01-08 06:27:00 Checking for update using Github
2024-01-08 06:27:00 Success.
2024-01-08 06:27:00 Latest version is 1.5.3
2024-01-08 06:27:00 An update is already downloaded.
2024-01-08 07:27:00 Checking for update using Github
2024-01-08 07:27:00 Success.
2024-01-08 07:27:00 Latest version is 1.5.3
2024-01-08 07:27:00 An update is already downloaded.
2024-01-08 08:27:00 Checking for update using Github
2024-01-08 08:27:00 Success.
2024-01-08 08:27:00 Latest version is 1.5.3
2024-01-08 08:27:00 An update is already downloaded.
2024-01-08 09:27:00 Checking for update using Github
2024-01-08 09:27:00 Success.
2024-01-08 09:27:00 Latest version is 1.5.3
2024-01-08 09:27:00 An update is already downloaded.
2024-01-08 10:27:00 Checking for update using Github
2024-01-08 10:27:00 Success.
2024-01-08 10:27:00 Latest version is 1.5.3
2024-01-08 10:27:00 An update is already downloaded.
2024-01-08 11:27:00 Checking for update using Github
2024-01-08 11:27:00 Success.
2024-01-08 11:27:00 Latest version is 1.5.3
2024-01-08 11:27:00 An update is already downloaded.
2024-01-08 12:27:00 Checking for update using Github
2024-01-08 12:27:00 Success.
2024-01-08 12:27:00 Latest version is 1.5.3
2024-01-08 12:27:00 An update is already downloaded.
2024-01-08 13:27:00 Checking for update using Github
2024-01-08 13:27:00 Success.
2024-01-08 13:27:00 Latest version is 1.5.3
2024-01-08 13:27:00 An update is already downloaded.
2024-01-08 14:27:00 Checking for update using Github
2024-01-08 14:27:00 Success.
2024-01-08 14:27:00 Latest version is 1.5.3
2024-01-08 14:27:00 An update is already downloaded.
2024-01-08 15:27:00 Checking for update using Github
2024-01-08 15:27:01 Success.
2024-01-08 15:27:01 Latest version is 1.5.3
2024-01-08 15:27:01 An update is already downloaded.
2024-01-09 15:35:27 Checking for update using Github
2024-01-09 15:35:27 Success.
2024-01-09 15:35:27 Latest version is 1.5.3
2024-01-09 15:35:27 An update is already downloaded.
2024-01-10 15:29:04 Checking for update using Github
2024-01-10 15:29:04 Success.
2024-01-10 15:29:04 Latest version is 1.5.3
2024-01-10 15:29:04 An update is already downloaded.
2024-01-10 16:29:04 Checking for update using Github
2024-01-10 16:29:04 Success.
2024-01-10 16:29:04 Latest version is 1.5.3
2024-01-10 16:29:04 An update is already downloaded.
2024-01-11 13:36:38 Checking for update using Github
2024-01-11 13:36:39 Success.
2024-01-11 13:36:39 Latest version is 1.5.3
2024-01-11 13:36:39 An update is already downloaded.
2024-01-11 14:36:38 Checking for update using Github
2024-01-11 14:36:39 Success.
2024-01-11 14:36:39 Latest version is 1.5.3
2024-01-11 14:36:39 An update is already downloaded.
2024-01-12 15:37:18 Checking for update using Github
2024-01-12 15:37:19 Success.
2024-01-12 15:37:19 Latest version is 1.5.3
2024-01-12 15:37:19 An update is already downloaded.
2024-01-12 16:37:19 Checking for update using Github
2024-01-12 16:37:19 Success.
2024-01-12 16:37:19 Latest version is 1.5.3
2024-01-12 16:37:19 An update is already downloaded.
2024-01-13 05:53:07 Checking for update using Github
2024-01-13 05:53:07 Success.
2024-01-13 05:53:07 Latest version is 1.5.3
2024-01-13 05:53:07 An update is already downloaded.
2024-01-13 06:53:07 Checking for update using Github
2024-01-13 06:53:07 Success.
2024-01-13 06:53:07 Latest version is 1.5.3
2024-01-13 06:53:07 An update is already downloaded.
2024-01-13 07:53:07 Checking for update using Github
2024-01-13 07:53:07 Success.
2024-01-13 07:53:07 Latest version is 1.5.3
2024-01-13 07:53:07 An update is already downloaded.
2024-01-13 08:53:07 Checking for update using Github
2024-01-13 08:53:07 Success.
2024-01-13 08:53:07 Latest version is 1.5.3
2024-01-13 08:53:07 An update is already downloaded.
2024-01-13 09:53:07 Checking for update using Github
2024-01-13 09:53:07 Success.
2024-01-13 09:53:07 Latest version is 1.5.3
2024-01-13 09:53:07 An update is already downloaded.
2024-01-13 10:53:07 Checking for update using Github
2024-01-13 10:53:08 Success.
2024-01-13 10:53:08 Latest version is 1.5.3
2024-01-13 10:53:08 An update is already downloaded.
2024-01-13 11:53:07 Checking for update using Github
2024-01-13 11:53:08 Success.
2024-01-13 11:53:08 Latest version is 1.5.3
2024-01-13 11:53:08 An update is already downloaded.
2024-01-13 12:53:08 Checking for update using Github
2024-01-13 12:53:08 Success.
2024-01-13 12:53:08 Latest version is 1.5.3
2024-01-13 12:53:08 An update is already downloaded.
2024-01-13 13:53:08 Checking for update using Github
2024-01-13 13:53:08 Success.
2024-01-13 13:53:08 Latest version is 1.5.3
2024-01-13 13:53:08 An update is already downloaded.
2024-01-13 14:53:08 Checking for update using Github
2024-01-13 14:53:08 Success.
2024-01-13 14:53:08 Latest version is 1.5.3
2024-01-13 14:53:08 An update is already downloaded.
2024-01-13 15:53:08 Checking for update using Github
2024-01-13 15:53:08 Success.
2024-01-13 15:53:08 Latest version is 1.5.3
2024-01-13 15:53:08 An update is already downloaded.
2024-01-13 16:53:08 Checking for update using Github
2024-01-13 16:53:08 Success.
2024-01-13 16:53:08 Latest version is 1.5.3
2024-01-13 16:53:08 An update is already downloaded.
2024-01-14 04:12:13 Checking for update using Github
2024-01-14 04:12:14 Success.
2024-01-14 04:12:14 Latest version is 1.5.3
2024-01-14 04:12:14 An update is already downloaded.
2024-01-14 05:12:13 Checking for update using Github
2024-01-14 05:12:14 Success.
2024-01-14 05:12:14 Latest version is 1.5.3
2024-01-14 05:12:14 An update is already downloaded.
2024-01-14 06:12:14 Checking for update using Github
2024-01-14 06:12:14 Success.
2024-01-14 06:12:14 Latest version is 1.5.3
2024-01-14 06:12:14 An update is already downloaded.
2024-01-14 07:12:14 Checking for update using Github
2024-01-14 07:12:14 Success.
2024-01-14 07:12:14 Latest version is 1.5.3
2024-01-14 07:12:14 An update is already downloaded.
2024-01-14 08:12:14 Checking for update using Github
2024-01-14 08:12:14 Success.
2024-01-14 08:12:14 Latest version is 1.5.3
2024-01-14 08:12:14 An update is already downloaded.
2024-01-14 09:12:14 Checking for update using Github
2024-01-14 09:12:14 Success.
2024-01-14 09:12:14 Latest version is 1.5.3
2024-01-14 09:12:14 An update is already downloaded.
2024-01-14 10:12:14 Checking for update using Github
2024-01-14 10:12:14 Success.
2024-01-14 10:12:14 Latest version is 1.5.3
2024-01-14 10:12:14 An update is already downloaded.
2024-01-14 11:12:14 Checking for update using Github
2024-01-14 11:12:14 Success.
2024-01-14 11:12:14 Latest version is 1.5.3
2024-01-14 11:12:14 An update is already downloaded.
2024-01-14 12:12:14 Checking for update using Github
2024-01-14 12:12:14 Success.
2024-01-14 12:12:14 Latest version is 1.5.3
2024-01-14 12:12:14 An update is already downloaded.
2024-01-14 13:12:14 Checking for update using Github
2024-01-14 13:12:14 Success.
2024-01-14 13:12:14 Latest version is 1.5.3
2024-01-14 13:12:14 An update is already downloaded.
2024-01-14 14:12:14 Checking for update using Github
2024-01-14 14:12:14 Success.
2024-01-14 14:12:14 Latest version is 1.5.3
2024-01-14 14:12:14 An update is already downloaded.
2024-01-14 15:12:14 Checking for update using Github
2024-01-14 15:12:15 Success.
2024-01-14 15:12:15 Latest version is 1.5.3
2024-01-14 15:12:15 An update is already downloaded.
2024-01-14 16:12:14 Checking for update using Github
2024-01-14 16:12:15 Success.
2024-01-14 16:12:15 Latest version is 1.5.3
2024-01-14 16:12:15 An update is already downloaded.
2024-01-15 15:29:08 Checking for update using Github
2024-01-15 15:29:08 Success.
2024-01-15 15:29:08 Latest version is 1.5.3
2024-01-15 15:29:08 An update is already downloaded.
2024-01-15 16:29:08 Checking for update using Github
2024-01-15 16:29:08 Success.
2024-01-15 16:29:08 Latest version is 1.5.3
2024-01-15 16:29:08 An update is already downloaded.
2024-01-16 13:24:37 Checking for update using Github
2024-01-16 13:24:37 Success.
2024-01-16 13:24:37 Latest version is 1.5.3
2024-01-16 13:24:37 An update is already downloaded.
2024-01-16 14:24:37 Checking for update using Github
2024-01-16 14:24:37 Success.
2024-01-16 14:24:37 Latest version is 1.5.3
2024-01-16 14:24:37 An update is already downloaded.
2024-01-16 15:24:37 Checking for update using Github
2024-01-16 15:24:37 Success.
2024-01-16 15:24:37 Latest version is 1.5.3
2024-01-16 15:24:37 An update is already downloaded.
2024-01-17 15:16:17 Checking for update using Github
2024-01-17 15:16:17 Success.
2024-01-17 15:16:17 Latest version is 1.5.3
2024-01-17 15:16:17 An update is already downloaded.
